<?xml version="1.0" encoding="UTF-8"?>
<testng-results ignored="0" total="1" passed="1" failed="0" skipped="0">
  <reporter-output>
    <line>
      <![CDATA[Enter phone no: ]]>
    </line>
    <line>
      <![CDATA[enter first]]>
    </line>
    <line>
      <![CDATA[enter second]]>
    </line>
    <line>
      <![CDATA[enter third]]>
    </line>
    <line>
      <![CDATA[enter fourth]]>
    </line>
    <line>
      <![CDATA[create_mesgÏs Executed]]>
    </line>
  </reporter-output>
  <suite started-at="2024-09-15T14:21:39 IST" name="Default suite" finished-at="2024-09-15T14:25:03 IST" duration-ms="204037">
    <groups>
    </groups>
    <test started-at="2024-09-15T14:21:39 IST" name="Default test" finished-at="2024-09-15T14:25:03 IST" duration-ms="204037">
      <class name="TestScripts.Create_Locked_Mesg">
        <test-method is-config="true" signature="preCondition()[pri:0, instance:TestScripts.Create_Locked_Mesg@563f38c4]" started-at="2024-09-15T14:21:40 IST" name="preCondition" finished-at="2024-09-15T14:21:53 IST" duration-ms="13361" status="PASS">
          <reporter-output>
          </reporter-output>
        </test-method> <!-- preCondition -->
        <test-method is-config="true" signature="login()[pri:0, instance:TestScripts.Create_Locked_Mesg@563f38c4]" started-at="2024-09-15T14:21:53 IST" name="login" finished-at="2024-09-15T14:24:33 IST" duration-ms="160128" status="PASS">
          <reporter-output>
            <line>
              <![CDATA[Enter phone no: ]]>
            </line>
            <line>
              <![CDATA[enter first]]>
            </line>
            <line>
              <![CDATA[enter second]]>
            </line>
            <line>
              <![CDATA[enter third]]>
            </line>
            <line>
              <![CDATA[enter fourth]]>
            </line>
          </reporter-output>
        </test-method> <!-- login -->
        <test-method signature="create_mesg()[pri:0, instance:TestScripts.Create_Locked_Mesg@563f38c4]" started-at="2024-09-15T14:24:33 IST" name="create_mesg" finished-at="2024-09-15T14:24:47 IST" duration-ms="14208" status="PASS">
          <reporter-output>
            <line>
              <![CDATA[create_mesgÏs Executed]]>
            </line>
          </reporter-output>
        </test-method> <!-- create_mesg -->
        <test-method is-config="true" signature="logout()[pri:0, instance:TestScripts.Create_Locked_Mesg@563f38c4]" started-at="2024-09-15T14:24:47 IST" name="logout" finished-at="2024-09-15T14:25:02 IST" duration-ms="14954" status="PASS">
          <reporter-output>
          </reporter-output>
        </test-method> <!-- logout -->
        <test-method is-config="true" signature="postCondition()[pri:0, instance:TestScripts.Create_Locked_Mesg@563f38c4]" started-at="2024-09-15T14:25:02 IST" name="postCondition" finished-at="2024-09-15T14:25:03 IST" duration-ms="421" status="PASS">
          <reporter-output>
          </reporter-output>
        </test-method> <!-- postCondition -->
      </class> <!-- TestScripts.Create_Locked_Mesg -->
    </test> <!-- Default test -->
  </suite> <!-- Default suite -->
</testng-results>
